<?xml version="1.0" encoding="UTF-8"?>
<testsuite name="ParseTest" tests="10" skipped="0" failures="0" errors="0" timestamp="2024-04-03T09:37:07" hostname="arch" time="0.086">
  <properties/>
  <testcase name="test01" classname="ParseTest" time="0.057"/>
  <testcase name="test02" classname="ParseTest" time="0.002"/>
  <testcase name="test03" classname="ParseTest" time="0.003"/>
  <testcase name="test04" classname="ParseTest" time="0.003"/>
  <testcase name="test05" classname="ParseTest" time="0.002"/>
  <testcase name="test06" classname="ParseTest" time="0.004"/>
  <testcase name="test07" classname="ParseTest" time="0.002"/>
  <testcase name="test08" classname="ParseTest" time="0.002"/>
  <testcase name="test09" classname="ParseTest" time="0.002"/>
  <testcase name="test10" classname="ParseTest" time="0.002"/>
  <system-out><![CDATA[]]></system-out>
  <system-err><![CDATA[]]></system-err>
</testsuite>
